<?xml version="1.0" encoding="UTF-8"?>
<!-- Generated by org.testng.reporters.JUnitXMLReporter -->
<testsuite ignored="0" hostname="DESKTOP-DA7TQQK" failures="0" tests="10" name="Default test" time="42.677" errors="0" timestamp="2023-08-22T20:42:52 BDT">
  <testcase classname="firsttest.Testing4" name="TestUrl" time="0.031"/>
  <testcase classname="firsttest.Testing4" name="TestTitle" time="0.024"/>
  <testcase classname="firsttest.Testing4" name="login" time="7.416"/>
  <testcase classname="firsttest.Testing4" name="AddtoCart" time="3.094"/>
  <testcase classname="firsttest.Testing4" name="cart" time="3.106"/>
  <testcase classname="firsttest.Testing4" name="checkout" time="3.106"/>
  <testcase classname="firsttest.Testing4" name="info" time="9.474"/>
  <testcase classname="firsttest.Testing4" name="finish" time="3.078"/>
  <testcase classname="firsttest.Testing4" name="home" time="3.084"/>
  <testcase classname="firsttest.Testing4" name="menu" time="3.085"/>
</testsuite> <!-- Default test -->
