<?xml version="1.0" encoding="UTF-8"?>
<testng-results ignored="0" total="10" passed="10" failed="0" skipped="0">
  <reporter-output>
  </reporter-output>
  <suite started-at="2023-08-22T20:42:09 BDT" name="Default suite" finished-at="2023-08-22T20:42:52 BDT" duration-ms="42677">
    <groups>
    </groups>
    <test started-at="2023-08-22T20:42:09 BDT" name="Default test" finished-at="2023-08-22T20:42:52 BDT" duration-ms="42677">
      <class name="firsttest.Testing4">
        <test-method is-config="true" signature="init()[pri:0, instance:firsttest.Testing4@327514f]" started-at="2023-08-22T20:42:09 BDT" name="init" finished-at="2023-08-22T20:42:13 BDT" duration-ms="3725" status="PASS">
          <reporter-output>
          </reporter-output>
        </test-method> <!-- init -->
        <test-method signature="TestUrl()[pri:1, instance:firsttest.Testing4@327514f]" started-at="2023-08-22T20:42:13 BDT" name="TestUrl" finished-at="2023-08-22T20:42:13 BDT" duration-ms="31" status="PASS">
          <reporter-output>
          </reporter-output>
        </test-method> <!-- TestUrl -->
        <test-method signature="TestTitle()[pri:2, instance:firsttest.Testing4@327514f]" started-at="2023-08-22T20:42:13 BDT" name="TestTitle" finished-at="2023-08-22T20:42:13 BDT" duration-ms="24" status="PASS">
          <reporter-output>
          </reporter-output>
        </test-method> <!-- TestTitle -->
        <test-method signature="login()[pri:3, instance:firsttest.Testing4@327514f]" started-at="2023-08-22T20:42:13 BDT" name="login" finished-at="2023-08-22T20:42:20 BDT" duration-ms="7416" status="PASS">
          <reporter-output>
          </reporter-output>
        </test-method> <!-- login -->
        <test-method signature="AddtoCart()[pri:4, instance:firsttest.Testing4@327514f]" started-at="2023-08-22T20:42:20 BDT" name="AddtoCart" finished-at="2023-08-22T20:42:23 BDT" duration-ms="3094" status="PASS">
          <reporter-output>
          </reporter-output>
        </test-method> <!-- AddtoCart -->
        <test-method signature="cart()[pri:5, instance:firsttest.Testing4@327514f]" started-at="2023-08-22T20:42:23 BDT" name="cart" finished-at="2023-08-22T20:42:26 BDT" duration-ms="3106" status="PASS">
          <reporter-output>
          </reporter-output>
        </test-method> <!-- cart -->
        <test-method signature="checkout()[pri:6, instance:firsttest.Testing4@327514f]" started-at="2023-08-22T20:42:26 BDT" name="checkout" finished-at="2023-08-22T20:42:30 BDT" duration-ms="3106" status="PASS">
          <reporter-output>
          </reporter-output>
        </test-method> <!-- checkout -->
        <test-method signature="info()[pri:7, instance:firsttest.Testing4@327514f]" started-at="2023-08-22T20:42:30 BDT" name="info" finished-at="2023-08-22T20:42:39 BDT" duration-ms="9474" status="PASS">
          <reporter-output>
          </reporter-output>
        </test-method> <!-- info -->
        <test-method signature="finish()[pri:8, instance:firsttest.Testing4@327514f]" started-at="2023-08-22T20:42:39 BDT" name="finish" finished-at="2023-08-22T20:42:42 BDT" duration-ms="3078" status="PASS">
          <reporter-output>
          </reporter-output>
        </test-method> <!-- finish -->
        <test-method signature="home()[pri:9, instance:firsttest.Testing4@327514f]" started-at="2023-08-22T20:42:42 BDT" name="home" finished-at="2023-08-22T20:42:45 BDT" duration-ms="3084" status="PASS">
          <reporter-output>
          </reporter-output>
        </test-method> <!-- home -->
        <test-method signature="menu()[pri:10, instance:firsttest.Testing4@327514f]" started-at="2023-08-22T20:42:45 BDT" name="menu" finished-at="2023-08-22T20:42:48 BDT" duration-ms="3085" status="PASS">
          <reporter-output>
          </reporter-output>
        </test-method> <!-- menu -->
        <test-method is-config="true" signature="logout()[pri:0, instance:firsttest.Testing4@327514f]" started-at="2023-08-22T20:42:48 BDT" name="logout" finished-at="2023-08-22T20:42:52 BDT" duration-ms="3368" status="PASS">
          <reporter-output>
          </reporter-output>
        </test-method> <!-- logout -->
      </class> <!-- firsttest.Testing4 -->
    </test> <!-- Default test -->
  </suite> <!-- Default suite -->
</testng-results>
